Using pre-set license
Built from '2020.3/staging' branch; Version is '2020.3.0f1 (c7b5465681fb) revision 13088070'; Using compiler version '192528614'; Build Type 'Release'
OS: 'Windows 10 Home; OS build 19041.867; Version 2004; 64bit' Language: 'zh' Physical Memory: 8065 MB
BatchMode: 1, IsHumanControllingUs: 0, StartBugReporterOnCrash: 0, Is64bit: 1, IsPro: 0

 COMMAND LINE ARGUMENTS:
C:\Program Files\Unity\Hub\Editor\2020.3.0f1\Editor\Unity.exe
-adb2
-batchMode
-noUpm
-name
AssetImportWorker14
-projectPath
C:/Users/boris/Desktop/Unity-2D-Game/ServerGame
-logFile
Logs/AssetImportWorker14.log
-srvPort
55102
Successfully changed project path to: C:/Users/boris/Desktop/Unity-2D-Game/ServerGame
C:/Users/boris/Desktop/Unity-2D-Game/ServerGame
Using Asset Import Pipeline V2.
Refreshing native plugins compatible for Editor in 98.06 ms, found 1 plugins.
Preloading 0 native plugins for Editor in 0.00 ms.
Initialize engine version: 2020.3.0f1 (c7b5465681fb)
[Subsystems] Discovering subsystems at path C:/Program Files/Unity/Hub/Editor/2020.3.0f1/Editor/Data/Resources/UnitySubsystems
[Subsystems] Discovering subsystems at path C:/Users/boris/Desktop/Unity-2D-Game/ServerGame/Assets
GfxDevice: creating device client; threaded=0
Direct3D:
    Version:  Direct3D 11.0 [level 11.0]
    Renderer: NVIDIA GeForce 940MX (ID=0x179c)
    Vendor:   
    VRAM:     2010 MB
    Driver:   27.21.14.6172
Initialize mono
Mono path[0] = 'C:/Program Files/Unity/Hub/Editor/2020.3.0f1/Editor/Data/Managed'
Mono path[1] = 'C:/Program Files/Unity/Hub/Editor/2020.3.0f1/Editor/Data/MonoBleedingEdge/lib/mono/unityjit'
Mono config path = 'C:/Program Files/Unity/Hub/Editor/2020.3.0f1/Editor/Data/MonoBleedingEdge/etc'
Using monoOptions --debugger-agent=transport=dt_socket,embedding=1,server=y,suspend=n,address=127.0.0.1:56044
Begin MonoManager ReloadAssembly
Registering precompiled unity dll's ...
Register platform support module: C:/Program Files/Unity/Hub/Editor/2020.3.0f1/Editor/Data/PlaybackEngines/WindowsStandaloneSupport/UnityEditor.WindowsStandalone.Extensions.dll
Registered in 0.020135 seconds.
Native extension for WindowsStandalone target not found
Refreshing native plugins compatible for Editor in 91.36 ms, found 1 plugins.
Preloading 0 native plugins for Editor in 0.00 ms.
Invoked RoslynAnalysisRunner static constructor.
RoslynAnalysisRunner will not be running.
RoslynAnalysisRunner has terminated.
Mono: successfully reloaded assembly
- Completed reload, in  4.210 seconds
Platform modules already initialized, skipping
Registering precompiled user dll's ...
Registered in 0.006854 seconds.
Begin MonoManager ReloadAssembly
Native extension for WindowsStandalone target not found
Refreshing native plugins compatible for Editor in 88.91 ms, found 1 plugins.
Preloading 0 native plugins for Editor in 0.00 ms.
Disabling WSA platform on asset settings for C:\Users\boris\Desktop\Unity-2D-Game\ServerGame\Assets\NuGet.config

DisplayProgressbar: Restoring NuGet Packages
DisplayProgressbar: Installing System.Memory 4.5.4
Unable to retrieve package list from http://www.nuget.org/api/v2/FindPackagesById()?id='System.Numerics.Vectors'&$orderby=Version asc
System.Net.WebException: The remote server returned an error: (400) Bad Request.
  at System.Net.HttpWebRequest+<GetResponseFromData>d__240.MoveNext () [0x00152] in <aa976c2104104b7ca9e1785715722c9d>:0 
--- End of stack trace from previous location where exception was thrown ---
  at System.Net.HttpWebRequest.GetResponse () [0x00013] in <aa976c2104104b7ca9e1785715722c9d>:0 
  at NugetForUnity.NugetHelper.RequestUrl (System.String url, System.String userName, System.String password, System.Nullable`1[T] timeOut) [0x000b9] in <ebb7710be32040ba9a0cb144ce2a8967>:0 
  at NugetForUnity.NugetPackageSource.GetPackagesFromUrl (System.String url, System.String username, System.String password) [0x0006c] in <ebb7710be32040ba9a0cb144ce2a8967>:0 
  at NugetForUnity.NugetPackageSource.FindPackagesById (NugetForUnity.NugetPackageIdentifier package) [0x000ee] in <ebb7710be32040ba9a0cb144ce2a8967>:0 
UnityEngine.StackTraceUtility:ExtractStackTrace ()
UnityEngine.DebugLogHandler:LogFormat (UnityEngine.LogType,UnityEngine.Object,string,object[])
UnityEngine.Logger:LogFormat (UnityEngine.LogType,string,object[])
UnityEngine.Debug:LogErrorFormat (string,object[])
NugetForUnity.NugetPackageSource:FindPackagesById (NugetForUnity.NugetPackageIdentifier)
NugetForUnity.NugetPackageSource:GetSpecificPackage (NugetForUnity.NugetPackageIdentifier)
NugetForUnity.NugetHelper:GetOnlinePackage (NugetForUnity.NugetPackageIdentifier)
NugetForUnity.NugetHelper:GetSpecificPackage (NugetForUnity.NugetPackageIdentifier)
NugetForUnity.NugetHelper:InstallIdentifier (NugetForUnity.NugetPackageIdentifier,bool)
NugetForUnity.NugetHelper:Install (NugetForUnity.NugetPackage,bool)
NugetForUnity.NugetHelper:InstallIdentifier (NugetForUnity.NugetPackageIdentifier,bool)
NugetForUnity.NugetHelper:Restore ()
NugetForUnity.NugetHelper:.cctor ()
System.Runtime.CompilerServices.RuntimeHelpers:RunClassConstructor (System.RuntimeTypeHandle)
UnityEditor.EditorAssemblies:ProcessInitializeOnLoadAttributes (System.Type[])

Could not find System.Numerics.Vectors [4.4.0, ) or greater.
UnityEngine.StackTraceUtility:ExtractStackTrace ()
UnityEngine.DebugLogHandler:LogFormat (UnityEngine.LogType,UnityEngine.Object,string,object[])
UnityEngine.Logger:LogFormat (UnityEngine.LogType,string,object[])
UnityEngine.Debug:LogErrorFormat (string,object[])
NugetForUnity.NugetHelper:InstallIdentifier (NugetForUnity.NugetPackageIdentifier,bool)
NugetForUnity.NugetHelper:Install (NugetForUnity.NugetPackage,bool)
NugetForUnity.NugetHelper:InstallIdentifier (NugetForUnity.NugetPackageIdentifier,bool)
NugetForUnity.NugetHelper:Restore ()
NugetForUnity.NugetHelper:.cctor ()
System.Runtime.CompilerServices.RuntimeHelpers:RunClassConstructor (System.RuntimeTypeHandle)
UnityEditor.EditorAssemblies:ProcessInitializeOnLoadAttributes (System.Type[])

Unable to install package System.Memory 4.5.4
System.Exception: Failed to install dependency: System.Numerics.Vectors [4.4.0, ).
  at NugetForUnity.NugetHelper.Install (NugetForUnity.NugetPackage package, System.Boolean refreshAssets) [0x001a1] in <ebb7710be32040ba9a0cb144ce2a8967>:0 
UnityEngine.StackTraceUtility:ExtractStackTrace ()
UnityEngine.DebugLogHandler:LogFormat (UnityEngine.LogType,UnityEngine.Object,string,object[])
UnityEngine.Logger:LogFormat (UnityEngine.LogType,string,object[])
UnityEngine.Debug:LogErrorFormat (string,object[])
NugetForUnity.NugetHelper:Install (NugetForUnity.NugetPackage,bool)
NugetForUnity.NugetHelper:InstallIdentifier (NugetForUnity.NugetPackageIdentifier,bool)
NugetForUnity.NugetHelper:Restore ()
NugetForUnity.NugetHelper:.cctor ()
System.Runtime.CompilerServices.RuntimeHelpers:RunClassConstructor (System.RuntimeTypeHandle)
UnityEditor.EditorAssemblies:ProcessInitializeOnLoadAttributes (System.Type[])

DisplayProgressbar: Restoring NuGet Packages
DisplayProgressbar: Installing System.Text.Encodings.Web 5.0.0
DisplayProgressbar: Installing System.Memory 4.5.4
Unable to retrieve package list from http://www.nuget.org/api/v2/FindPackagesById()?id='System.Numerics.Vectors'&$orderby=Version asc
System.Net.WebException: The remote server returned an error: (400) Bad Request.
  at System.Net.HttpWebRequest+<GetResponseFromData>d__240.MoveNext () [0x00152] in <aa976c2104104b7ca9e1785715722c9d>:0 
--- End of stack trace from previous location where exception was thrown ---
  at System.Net.HttpWebRequest.GetResponse () [0x00013] in <aa976c2104104b7ca9e1785715722c9d>:0 
  at NugetForUnity.NugetHelper.RequestUrl (System.String url, System.String userName, System.String password, System.Nullable`1[T] timeOut) [0x000b9] in <ebb7710be32040ba9a0cb144ce2a8967>:0 
  at NugetForUnity.NugetPackageSource.GetPackagesFromUrl (System.String url, System.String username, System.String password) [0x0006c] in <ebb7710be32040ba9a0cb144ce2a8967>:0 
  at NugetForUnity.NugetPackageSource.FindPackagesById (NugetForUnity.NugetPackageIdentifier package) [0x000ee] in <ebb7710be32040ba9a0cb144ce2a8967>:0 
UnityEngine.StackTraceUtility:ExtractStackTrace ()
UnityEngine.DebugLogHandler:LogFormat (UnityEngine.LogType,UnityEngine.Object,string,object[])
UnityEngine.Logger:LogFormat (UnityEngine.LogType,string,object[])
UnityEngine.Debug:LogErrorFormat (string,object[])
NugetForUnity.NugetPackageSource:FindPackagesById (NugetForUnity.NugetPackageIdentifier)
NugetForUnity.NugetPackageSource:GetSpecificPackage (NugetForUnity.NugetPackageIdentifier)
NugetForUnity.NugetHelper:GetOnlinePackage (NugetForUnity.NugetPackageIdentifier)
NugetForUnity.NugetHelper:GetSpecificPackage (NugetForUnity.NugetPackageIdentifier)
NugetForUnity.NugetHelper:InstallIdentifier (NugetForUnity.NugetPackageIdentifier,bool)
NugetForUnity.NugetHelper:Install (NugetForUnity.NugetPackage,bool)
NugetForUnity.NugetHelper:InstallIdentifier (NugetForUnity.NugetPackageIdentifier,bool)
NugetForUnity.NugetHelper:Install (NugetForUnity.NugetPackage,bool)
NugetForUnity.NugetHelper:InstallIdentifier (NugetForUnity.NugetPackageIdentifier,bool)
NugetForUnity.NugetHelper:Restore ()
NugetForUnity.NugetHelper:.cctor ()
System.Runtime.CompilerServices.RuntimeHelpers:RunClassConstructor (System.RuntimeTypeHandle)
UnityEditor.EditorAssemblies:ProcessInitializeOnLoadAttributes (System.Type[])

Could not find System.Numerics.Vectors [4.4.0, ) or greater.
UnityEngine.StackTraceUtility:ExtractStackTrace ()
UnityEngine.DebugLogHandler:LogFormat (UnityEngine.LogType,UnityEngine.Object,string,object[])
UnityEngine.Logger:LogFormat (UnityEngine.LogType,string,object[])
UnityEngine.Debug:LogErrorFormat (string,object[])
NugetForUnity.NugetHelper:InstallIdentifier (NugetForUnity.NugetPackageIdentifier,bool)
NugetForUnity.NugetHelper:Install (NugetForUnity.NugetPackage,bool)
NugetForUnity.NugetHelper:InstallIdentifier (NugetForUnity.NugetPackageIdentifier,bool)
NugetForUnity.NugetHelper:Install (NugetForUnity.NugetPackage,bool)
NugetForUnity.NugetHelper:InstallIdentifier (NugetForUnity.NugetPackageIdentifier,bool)
NugetForUnity.NugetHelper:Restore ()
NugetForUnity.NugetHelper:.cctor ()
System.Runtime.CompilerServices.RuntimeHelpers:RunClassConstructor (System.RuntimeTypeHandle)
UnityEditor.EditorAssemblies:ProcessInitializeOnLoadAttributes (System.Type[])

Unable to install package System.Memory 4.5.4
System.Exception: Failed to install dependency: System.Numerics.Vectors [4.4.0, ).
  at NugetForUnity.NugetHelper.Install (NugetForUnity.NugetPackage package, System.Boolean refreshAssets) [0x001a1] in <ebb7710be32040ba9a0cb144ce2a8967>:0 
UnityEngine.StackTraceUtility:ExtractStackTrace ()
UnityEngine.DebugLogHandler:LogFormat (UnityEngine.LogType,UnityEngine.Object,string,object[])
UnityEngine.Logger:LogFormat (UnityEngine.LogType,string,object[])
UnityEngine.Debug:LogErrorFormat (string,object[])
NugetForUnity.NugetHelper:Install (NugetForUnity.NugetPackage,bool)
NugetForUnity.NugetHelper:InstallIdentifier (NugetForUnity.NugetPackageIdentifier,bool)
NugetForUnity.NugetHelper:Install (NugetForUnity.NugetPackage,bool)
NugetForUnity.NugetHelper:InstallIdentifier (NugetForUnity.NugetPackageIdentifier,bool)
NugetForUnity.NugetHelper:Restore ()
NugetForUnity.NugetHelper:.cctor ()
System.Runtime.CompilerServices.RuntimeHelpers:RunClassConstructor (System.RuntimeTypeHandle)
UnityEditor.EditorAssemblies:ProcessInitializeOnLoadAttributes (System.Type[])

Unable to install package System.Text.Encodings.Web 5.0.0
System.Exception: Failed to install dependency: System.Memory 4.5.4.
  at NugetForUnity.NugetHelper.Install (NugetForUnity.NugetPackage package, System.Boolean refreshAssets) [0x001a1] in <ebb7710be32040ba9a0cb144ce2a8967>:0 
UnityEngine.StackTraceUtility:ExtractStackTrace ()
UnityEngine.DebugLogHandler:LogFormat (UnityEngine.LogType,UnityEngine.Object,string,object[])
UnityEngine.Logger:LogFormat (UnityEngine.LogType,string,object[])
UnityEngine.Debug:LogErrorFormat (string,object[])
NugetForUnity.NugetHelper:Install (NugetForUnity.NugetPackage,bool)
NugetForUnity.NugetHelper:InstallIdentifier (NugetForUnity.NugetPackageIdentifier,bool)
NugetForUnity.NugetHelper:Restore ()
NugetForUnity.NugetHelper:.cctor ()
System.Runtime.CompilerServices.RuntimeHelpers:RunClassConstructor (System.RuntimeTypeHandle)
UnityEditor.EditorAssemblies:ProcessInitializeOnLoadAttributes (System.Type[])

DisplayProgressbar: Installing System.Text.Encodings.Web 5.0.0
DisplayProgressbar: Restoring NuGet Packages
DisplayProgressbar: Installing System.Text.Json 5.0.1
DisplayProgressbar: Installing System.Memory 4.5.4
Unable to retrieve package list from http://www.nuget.org/api/v2/FindPackagesById()?id='System.Numerics.Vectors'&$orderby=Version asc
System.Net.WebException: The remote server returned an error: (400) Bad Request.
  at System.Net.HttpWebRequest+<GetResponseFromData>d__240.MoveNext () [0x00152] in <aa976c2104104b7ca9e1785715722c9d>:0 
--- End of stack trace from previous location where exception was thrown ---
  at System.Net.HttpWebRequest.GetResponse () [0x00013] in <aa976c2104104b7ca9e1785715722c9d>:0 
  at NugetForUnity.NugetHelper.RequestUrl (System.String url, System.String userName, System.String password, System.Nullable`1[T] timeOut) [0x000b9] in <ebb7710be32040ba9a0cb144ce2a8967>:0 
  at NugetForUnity.NugetPackageSource.GetPackagesFromUrl (System.String url, System.String username, System.String password) [0x0006c] in <ebb7710be32040ba9a0cb144ce2a8967>:0 
  at NugetForUnity.NugetPackageSource.FindPackagesById (NugetForUnity.NugetPackageIdentifier package) [0x000ee] in <ebb7710be32040ba9a0cb144ce2a8967>:0 
UnityEngine.StackTraceUtility:ExtractStackTrace ()
UnityEngine.DebugLogHandler:LogFormat (UnityEngine.LogType,UnityEngine.Object,string,object[])
UnityEngine.Logger:LogFormat (UnityEngine.LogType,string,object[])
UnityEngine.Debug:LogErrorFormat (string,object[])
NugetForUnity.NugetPackageSource:FindPackagesById (NugetForUnity.NugetPackageIdentifier)
NugetForUnity.NugetPackageSource:GetSpecificPackage (NugetForUnity.NugetPackageIdentifier)
NugetForUnity.NugetHelper:GetOnlinePackage (NugetForUnity.NugetPackageIdentifier)
NugetForUnity.NugetHelper:GetSpecificPackage (NugetForUnity.NugetPackageIdentifier)
NugetForUnity.NugetHelper:InstallIdentifier (NugetForUnity.NugetPackageIdentifier,bool)
NugetForUnity.NugetHelper:Install (NugetForUnity.NugetPackage,bool)
NugetForUnity.NugetHelper:InstallIdentifier (NugetForUnity.NugetPackageIdentifier,bool)
NugetForUnity.NugetHelper:Install (NugetForUnity.NugetPackage,bool)
NugetForUnity.NugetHelper:InstallIdentifier (NugetForUnity.NugetPackageIdentifier,bool)
NugetForUnity.NugetHelper:Restore ()
NugetForUnity.NugetHelper:.cctor ()
System.Runtime.CompilerServices.RuntimeHelpers:RunClassConstructor (System.RuntimeTypeHandle)
UnityEditor.EditorAssemblies:ProcessInitializeOnLoadAttributes (System.Type[])

Could not find System.Numerics.Vectors [4.4.0, ) or greater.
UnityEngine.StackTraceUtility:ExtractStackTrace ()
UnityEngine.DebugLogHandler:LogFormat (UnityEngine.LogType,UnityEngine.Object,string,object[])
UnityEngine.Logger:LogFormat (UnityEngine.LogType,string,object[])
UnityEngine.Debug:LogErrorFormat (string,object[])
NugetForUnity.NugetHelper:InstallIdentifier (NugetForUnity.NugetPackageIdentifier,bool)
NugetForUnity.NugetHelper:Install (NugetForUnity.NugetPackage,bool)
NugetForUnity.NugetHelper:InstallIdentifier (NugetForUnity.NugetPackageIdentifier,bool)
NugetForUnity.NugetHelper:Install (NugetForUnity.NugetPackage,bool)
NugetForUnity.NugetHelper:InstallIdentifier (NugetForUnity.NugetPackageIdentifier,bool)
NugetForUnity.NugetHelper:Restore ()
NugetForUnity.NugetHelper:.cctor ()
System.Runtime.CompilerServices.RuntimeHelpers:RunClassConstructor (System.RuntimeTypeHandle)
UnityEditor.EditorAssemblies:ProcessInitializeOnLoadAttributes (System.Type[])

Unable to install package System.Memory 4.5.4
System.Exception: Failed to install dependency: System.Numerics.Vectors [4.4.0, ).
  at NugetForUnity.NugetHelper.Install (NugetForUnity.NugetPackage package, System.Boolean refreshAssets) [0x001a1] in <ebb7710be32040ba9a0cb144ce2a8967>:0 
UnityEngine.StackTraceUtility:ExtractStackTrace ()
UnityEngine.DebugLogHandler:LogFormat (UnityEngine.LogType,UnityEngine.Object,string,object[])
UnityEngine.Logger:LogFormat (UnityEngine.LogType,string,object[])
UnityEngine.Debug:LogErrorFormat (string,object[])
NugetForUnity.NugetHelper:Install (NugetForUnity.NugetPackage,bool)
NugetForUnity.NugetHelper:InstallIdentifier (NugetForUnity.NugetPackageIdentifier,bool)
NugetForUnity.NugetHelper:Install (NugetForUnity.NugetPackage,bool)
NugetForUnity.NugetHelper:InstallIdentifier (NugetForUnity.NugetPackageIdentifier,bool)
NugetForUnity.NugetHelper:Restore ()
NugetForUnity.NugetHelper:.cctor ()
System.Runtime.CompilerServices.RuntimeHelpers:RunClassConstructor (System.RuntimeTypeHandle)
UnityEditor.EditorAssemblies:ProcessInitializeOnLoadAttributes (System.Type[])

Unable to install package System.Text.Json 5.0.1
System.Exception: Failed to install dependency: System.Memory 4.5.4.
  at NugetForUnity.NugetHelper.Install (NugetForUnity.NugetPackage package, System.Boolean refreshAssets) [0x001a1] in <ebb7710be32040ba9a0cb144ce2a8967>:0 
UnityEngine.StackTraceUtility:ExtractStackTrace ()
UnityEngine.DebugLogHandler:LogFormat (UnityEngine.LogType,UnityEngine.Object,string,object[])
UnityEngine.Logger:LogFormat (UnityEngine.LogType,string,object[])
UnityEngine.Debug:LogErrorFormat (string,object[])
NugetForUnity.NugetHelper:Install (NugetForUnity.NugetPackage,bool)
NugetForUnity.NugetHelper:InstallIdentifier (NugetForUnity.NugetPackageIdentifier,bool)
NugetForUnity.NugetHelper:Restore ()
NugetForUnity.NugetHelper:.cctor ()
System.Runtime.CompilerServices.RuntimeHelpers:RunClassConstructor (System.RuntimeTypeHandle)
UnityEditor.EditorAssemblies:ProcessInitializeOnLoadAttributes (System.Type[])

DisplayProgressbar: Installing System.Text.Json 5.0.1
DisplayProgressbar: Restoring NuGet Packages
Curl error 42: Callback aborted
Invoked RoslynAnalysisRunner static constructor.
RoslynAnalysisRunner will not be running.
RoslynAnalysisRunner has terminated.
Mono: successfully reloaded assembly
- Completed reload, in 13.189 seconds
Platform modules already initialized, skipping
========================================================================
Worker process is ready to serve import requests
Launched and connected shader compiler UnityShaderCompiler.exe after 1.32 seconds
Refreshing native plugins compatible for Editor in 1.01 ms, found 1 plugins.
Preloading 0 native plugins for Editor in 0.00 ms.
Unloading 1967 Unused Serialized files (Serialized files now loaded: 0)
System memory in use before: 105.0 MB.
System memory in use after: 105.0 MB.

Unloading 30 unused Assets to reduce memory usage. Loaded Objects now: 2417.
Total: 49.674500 ms (FindLiveObjects: 0.916000 ms CreateObjectMapping: 0.569100 ms MarkObjects: 48.029600 ms  DeleteObjects: 0.157100 ms)

========================================================================
Received Import Request.
  path: Assets/NuGet/Editor/NugetForUnity.dll
  artifactKey: Guid(8dc1be91775c4bb469f6b74cef450eaa) Importer(815301076,1909f56bfc062723c751e8b465ee728b)
Start importing Assets/NuGet/Editor/NugetForUnity.dll using Guid(8dc1be91775c4bb469f6b74cef450eaa) Importer(815301076,1909f56bfc062723c751e8b465ee728b)  -> (artifact id: '9838d1d48666aa04f5bcfeb8249dd02c') in 0.371790 seconds
  Import took 0.376242 seconds .

========================================================================
Received Import Request.
  Time since last request: 47.184377 seconds.
  path: Assets/NuGet/Editor/NugetForUnity.dll
  artifactKey: Guid(8dc1be91775c4bb469f6b74cef450eaa) Importer(815301076,1909f56bfc062723c751e8b465ee728b)
Start importing Assets/NuGet/Editor/NugetForUnity.dll using Guid(8dc1be91775c4bb469f6b74cef450eaa) Importer(815301076,1909f56bfc062723c751e8b465ee728b)  -> (artifact id: 'a46d4c790a25f3050b0f7d4fb7ad14a5') in 0.567819 seconds
  Import took 0.576471 seconds .

========================================================================
Received Import Request.
  Time since last request: 1.228777 seconds.
  path: Assets/NuGet/Resources/defaultIcon.png
  artifactKey: Guid(eec19781926cd2248b7c9abfde8db555) Importer(815301076,1909f56bfc062723c751e8b465ee728b)
Start importing Assets/NuGet/Resources/defaultIcon.png using Guid(eec19781926cd2248b7c9abfde8db555) Importer(815301076,1909f56bfc062723c751e8b465ee728b)  -> (artifact id: 'b9ecfcf9d823a4f675c7410c44e1fc22') in 8.791940 seconds
  Import took 8.802383 seconds .

========================================================================
Received Import Request.
  Time since last request: 1.144889 seconds.
  path: Assets/NuGet/Resources/defaultIcon.png
  artifactKey: Guid(eec19781926cd2248b7c9abfde8db555) Importer(815301076,1909f56bfc062723c751e8b465ee728b)
Start importing Assets/NuGet/Resources/defaultIcon.png using Guid(eec19781926cd2248b7c9abfde8db555) Importer(815301076,1909f56bfc062723c751e8b465ee728b)  -> (artifact id: 'b9ecfcf9d823a4f675c7410c44e1fc22') in 0.084298 seconds
  Import took 0.094928 seconds .

========================================================================
Received Import Request.
  Time since last request: 214.818112 seconds.
  path: Assets/Graphics/player/bullet.prefab
  artifactKey: Guid(55259d62683cd5942867509dc88e5035) Importer(815301076,1909f56bfc062723c751e8b465ee728b)
Start importing Assets/Graphics/player/bullet.prefab using Guid(55259d62683cd5942867509dc88e5035) Importer(815301076,1909f56bfc062723c751e8b465ee728b)  -> (artifact id: 'ae00ea057086f555db9193391b8f6311') in 3.016314 seconds
  Import took 3.027533 seconds .

========================================================================
Received Import Request.
  Time since last request: 0.000093 seconds.
  path: Packages/com.unity.2d.spriteshape/Editor/ObjectMenuCreation/DefaultAssets/Sprite Shapes/Open Sprite Shape.prefab
  artifactKey: Guid(86ae7de409eb54f619fb1328e4d42480) Importer(815301076,1909f56bfc062723c751e8b465ee728b)
Start importing Packages/com.unity.2d.spriteshape/Editor/ObjectMenuCreation/DefaultAssets/Sprite Shapes/Open Sprite Shape.prefab using Guid(86ae7de409eb54f619fb1328e4d42480) Importer(815301076,1909f56bfc062723c751e8b465ee728b)  -> (artifact id: '3a5afbbd395c5bddd7f7d4b0b1a3ff0b') in 0.775073 seconds
  Import took 0.784907 seconds .

========================================================================
Received Import Request.
  Time since last request: 0.000439 seconds.
  path: Packages/com.unity.2d.spriteshape/Editor/ObjectMenuCreation/DefaultAssets/Sprite Shapes/Closed Sprite Shape.prefab
  artifactKey: Guid(c0583b4e855c74b8c82e7b9b5efb5ce9) Importer(815301076,1909f56bfc062723c751e8b465ee728b)
Start importing Packages/com.unity.2d.spriteshape/Editor/ObjectMenuCreation/DefaultAssets/Sprite Shapes/Closed Sprite Shape.prefab using Guid(c0583b4e855c74b8c82e7b9b5efb5ce9) Importer(815301076,1909f56bfc062723c751e8b465ee728b)  -> (artifact id: '48775a4d0ba47d44f432ee6c79a6a75b') in 0.040576 seconds
  Import took 0.046867 seconds .

========================================================================
Received Import Request.
  Time since last request: 0.000400 seconds.
  path: Assets/Palette/Ground.prefab
  artifactKey: Guid(691d7f97d09a7a746a2e9e2679ba0627) Importer(815301076,1909f56bfc062723c751e8b465ee728b)
Start importing Assets/Palette/Ground.prefab using Guid(691d7f97d09a7a746a2e9e2679ba0627) Importer(815301076,1909f56bfc062723c751e8b465ee728b)  -> (artifact id: '55fffd4fc4fe0a7773c1534ae23d7bff') in 0.119429 seconds
  Import took 0.125296 seconds .

========================================================================
Received Import Request.
  Time since last request: 212.474470 seconds.
  path: Assets/NuGet/Editor/NugetForUnity.dll
  artifactKey: Guid(8dc1be91775c4bb469f6b74cef450eaa) Importer(815301076,1909f56bfc062723c751e8b465ee728b)
Start importing Assets/NuGet/Editor/NugetForUnity.dll using Guid(8dc1be91775c4bb469f6b74cef450eaa) Importer(815301076,1909f56bfc062723c751e8b465ee728b)  -> (artifact id: '2f81dbb854ace51ca996a3d9d91b70da') in 0.051320 seconds
  Import took 0.062334 seconds .

========================================================================
Received Import Request.
  Time since last request: 1.742133 seconds.
  path: Assets/NuGet/Editor/NugetForUnity.dll
  artifactKey: Guid(8dc1be91775c4bb469f6b74cef450eaa) Importer(815301076,1909f56bfc062723c751e8b465ee728b)
Start importing Assets/NuGet/Editor/NugetForUnity.dll using Guid(8dc1be91775c4bb469f6b74cef450eaa) Importer(815301076,1909f56bfc062723c751e8b465ee728b)  -> (artifact id: '2f81dbb854ace51ca996a3d9d91b70da') in 6.940546 seconds
  Import took 8.329993 seconds .

========================================================================
Received Import Request.
  Time since last request: 1.208886 seconds.
  path: Assets/NuGet/README.pdf
  artifactKey: Guid(83c5d2001771f15429a88d67e81366d6) Importer(815301076,1909f56bfc062723c751e8b465ee728b)
Start importing Assets/NuGet/README.pdf using Guid(83c5d2001771f15429a88d67e81366d6) Importer(815301076,1909f56bfc062723c751e8b465ee728b)  -> (artifact id: '3e51981b520be78ed89c8dd184b94686') in 7.092399 seconds
  Import took 7.099810 seconds .

========================================================================
Received Import Request.
  Time since last request: 7.155414 seconds.
  path: Assets/NuGet/Resources
  artifactKey: Guid(1738075a39a390447b7a620ca6962142) Importer(815301076,1909f56bfc062723c751e8b465ee728b)
Start importing Assets/NuGet/Resources using Guid(1738075a39a390447b7a620ca6962142) Importer(815301076,1909f56bfc062723c751e8b465ee728b)  -> (artifact id: '665625670beaa733c956c9d17a99d904') in 0.016963 seconds
  Import took 2.608387 seconds .

========================================================================
Received Import Request.
  Time since last request: 0.000767 seconds.
  path: Assets/NuGet/Editor
  artifactKey: Guid(b3fad56c531ac5a4db190a745f589a8e) Importer(815301076,1909f56bfc062723c751e8b465ee728b)
Start importing Assets/NuGet/Editor using Guid(b3fad56c531ac5a4db190a745f589a8e) Importer(815301076,1909f56bfc062723c751e8b465ee728b)  -> (artifact id: '9b85cfe4221c23cbb96510f915a8fd2c') in 4.676727 seconds
  Import took 4.696949 seconds .

========================================================================
Received Import Request.
  Time since last request: 0.001985 seconds.
  path: Assets/NuGet/LICENSE
  artifactKey: Guid(1d9014b99ad06af428514a5902d29ff3) Importer(815301076,1909f56bfc062723c751e8b465ee728b)
Start importing Assets/NuGet/LICENSE using Guid(1d9014b99ad06af428514a5902d29ff3) Importer(815301076,1909f56bfc062723c751e8b465ee728b)  -> (artifact id: '9d84e60f76b50db71be44fd117aab9d1') in 0.062167 seconds
  Import took 0.108496 seconds .

========================================================================
Received Import Request.
  Time since last request: 128.463473 seconds.
  path: Assets/NuGet/Editor/NugetForUnity.dll
  artifactKey: Guid(8dc1be91775c4bb469f6b74cef450eaa) Importer(815301076,1909f56bfc062723c751e8b465ee728b)
Start importing Assets/NuGet/Editor/NugetForUnity.dll using Guid(8dc1be91775c4bb469f6b74cef450eaa) Importer(815301076,1909f56bfc062723c751e8b465ee728b)  -> (artifact id: '05d2c76188ccfe9ce6cb0a9c72c054ac') in 0.045330 seconds
  Import took 2.167401 seconds .

========================================================================
Received Import Request.
  Time since last request: 63.571002 seconds.
  path: Assets/NuGet/Editor/NugetForUnity.dll
  artifactKey: Guid(8dc1be91775c4bb469f6b74cef450eaa) Importer(815301076,1909f56bfc062723c751e8b465ee728b)
Start importing Assets/NuGet/Editor/NugetForUnity.dll using Guid(8dc1be91775c4bb469f6b74cef450eaa) Importer(815301076,1909f56bfc062723c751e8b465ee728b)  -> (artifact id: '38efbd89131713b2e8b886d8ac0bcf6a') in 1.007307 seconds
  Import took 1.032131 seconds .

========================================================================
Received Prepare
Registering precompiled user dll's ...
Registered in 0.134136 seconds.
Begin MonoManager ReloadAssembly
Error: Could not load signature of System.Text.Json.JsonEncodedText:Encode due to: Could not load file or assembly 'System.Text.Encodings.Web, Version=5.0.0.0, Culture=neutral, PublicKeyToken=cc7b13ffcd2ddd51' or one of its dependencies. assembly:System.Text.Encodings.Web, Version=5.0.0.0, Culture=neutral, PublicKeyToken=cc7b13ffcd2ddd51 type:<unknown type> member:(null) signature:<none>

Unloading broken assembly Assets/Plugins/System.Text.Json.dll, this assembly can cause crashes in the runtime

Native extension for WindowsStandalone target not found
Refreshing native plugins compatible for Editor in 0.74 ms, found 1 plugins.
Preloading 0 native plugins for Editor in 0.00 ms.
DisplayProgressbar: Installing System.Memory 4.5.4
Unable to retrieve package list from http://www.nuget.org/api/v2/FindPackagesById()?id='System.Numerics.Vectors'&$orderby=Version asc
System.Net.WebException: The remote server returned an error: (400) Bad Request.
  at System.Net.HttpWebRequest+<GetResponseFromData>d__240.MoveNext () [0x00152] in <aa976c2104104b7ca9e1785715722c9d>:0 
--- End of stack trace from previous location where exception was thrown ---
  at System.Net.HttpWebRequest.GetResponse () [0x00013] in <aa976c2104104b7ca9e1785715722c9d>:0 
  at NugetForUnity.NugetHelper.RequestUrl (System.String url, System.String userName, System.String password, System.Nullable`1[T] timeOut) [0x000b9] in <ebb7710be32040ba9a0cb144ce2a8967>:0 
  at NugetForUnity.NugetPackageSource.GetPackagesFromUrl (System.String url, System.String username, System.String password) [0x0006c] in <ebb7710be32040ba9a0cb144ce2a8967>:0 
  at NugetForUnity.NugetPackageSource.FindPackagesById (NugetForUnity.NugetPackageIdentifier package) [0x000ee] in <ebb7710be32040ba9a0cb144ce2a8967>:0 
UnityEngine.StackTraceUtility:ExtractStackTrace ()
UnityEngine.DebugLogHandler:LogFormat (UnityEngine.LogType,UnityEngine.Object,string,object[])
UnityEngine.Logger:LogFormat (UnityEngine.LogType,string,object[])
UnityEngine.Debug:LogErrorFormat (string,object[])
NugetForUnity.NugetPackageSource:FindPackagesById (NugetForUnity.NugetPackageIdentifier)
NugetForUnity.NugetPackageSource:GetSpecificPackage (NugetForUnity.NugetPackageIdentifier)
NugetForUnity.NugetHelper:GetOnlinePackage (NugetForUnity.NugetPackageIdentifier)
NugetForUnity.NugetHelper:GetSpecificPackage (NugetForUnity.NugetPackageIdentifier)
NugetForUnity.NugetHelper:InstallIdentifier (NugetForUnity.NugetPackageIdentifier,bool)
NugetForUnity.NugetHelper:Install (NugetForUnity.NugetPackage,bool)
NugetForUnity.NugetHelper:InstallIdentifier (NugetForUnity.NugetPackageIdentifier,bool)
NugetForUnity.NugetHelper:Restore ()
NugetForUnity.NugetHelper:.cctor ()
System.Runtime.CompilerServices.RuntimeHelpers:RunClassConstructor (System.RuntimeTypeHandle)
UnityEditor.EditorAssemblies:ProcessInitializeOnLoadAttributes (System.Type[])

Could not find System.Numerics.Vectors [4.4.0, ) or greater.
UnityEngine.StackTraceUtility:ExtractStackTrace ()
UnityEngine.DebugLogHandler:LogFormat (UnityEngine.LogType,UnityEngine.Object,string,object[])
UnityEngine.Logger:LogFormat (UnityEngine.LogType,string,object[])
UnityEngine.Debug:LogErrorFormat (string,object[])
NugetForUnity.NugetHelper:InstallIdentifier (NugetForUnity.NugetPackageIdentifier,bool)
NugetForUnity.NugetHelper:Install (NugetForUnity.NugetPackage,bool)
NugetForUnity.NugetHelper:InstallIdentifier (NugetForUnity.NugetPackageIdentifier,bool)
NugetForUnity.NugetHelper:Restore ()
NugetForUnity.NugetHelper:.cctor ()
System.Runtime.CompilerServices.RuntimeHelpers:RunClassConstructor (System.RuntimeTypeHandle)
UnityEditor.EditorAssemblies:ProcessInitializeOnLoadAttributes (System.Type[])

Unable to install package System.Memory 4.5.4
System.Exception: Failed to install dependency: System.Numerics.Vectors [4.4.0, ).
  at NugetForUnity.NugetHelper.Install (NugetForUnity.NugetPackage package, System.Boolean refreshAssets) [0x001a1] in <ebb7710be32040ba9a0cb144ce2a8967>:0 
UnityEngine.StackTraceUtility:ExtractStackTrace ()
UnityEngine.DebugLogHandler:LogFormat (UnityEngine.LogType,UnityEngine.Object,string,object[])
UnityEngine.Logger:LogFormat (UnityEngine.LogType,string,object[])
UnityEngine.Debug:LogErrorFormat (string,object[])
NugetForUnity.NugetHelper:Install (NugetForUnity.NugetPackage,bool)
NugetForUnity.NugetHelper:InstallIdentifier (NugetForUnity.NugetPackageIdentifier,bool)
NugetForUnity.NugetHelper:Restore ()
NugetForUnity.NugetHelper:.cctor ()
System.Runtime.CompilerServices.RuntimeHelpers:RunClassConstructor (System.RuntimeTypeHandle)
UnityEditor.EditorAssemblies:ProcessInitializeOnLoadAttributes (System.Type[])

DisplayProgressbar: Restoring NuGet Packages
DisplayProgressbar: Installing System.Text.Encodings.Web 5.0.0
DisplayProgressbar: Installing System.Memory 4.5.4
Unable to retrieve package list from http://www.nuget.org/api/v2/FindPackagesById()?id='System.Numerics.Vectors'&$orderby=Version asc
System.Net.WebException: The remote server returned an error: (400) Bad Request.
  at System.Net.HttpWebRequest+<GetResponseFromData>d__240.MoveNext () [0x00152] in <aa976c2104104b7ca9e1785715722c9d>:0 
--- End of stack trace from previous location where exception was thrown ---
  at System.Net.HttpWebRequest.GetResponse () [0x00013] in <aa976c2104104b7ca9e1785715722c9d>:0 
  at NugetForUnity.NugetHelper.RequestUrl (System.String url, System.String userName, System.String password, System.Nullable`1[T] timeOut) [0x000b9] in <ebb7710be32040ba9a0cb144ce2a8967>:0 
  at NugetForUnity.NugetPackageSource.GetPackagesFromUrl (System.String url, System.String username, System.String password) [0x0006c] in <ebb7710be32040ba9a0cb144ce2a8967>:0 
  at NugetForUnity.NugetPackageSource.FindPackagesById (NugetForUnity.NugetPackageIdentifier package) [0x000ee] in <ebb7710be32040ba9a0cb144ce2a8967>:0 
UnityEngine.StackTraceUtility:ExtractStackTrace ()
UnityEngine.DebugLogHandler:LogFormat (UnityEngine.LogType,UnityEngine.Object,string,object[])
UnityEngine.Logger:LogFormat (UnityEngine.LogType,string,object[])
UnityEngine.Debug:LogErrorFormat (string,object[])
NugetForUnity.NugetPackageSource:FindPackagesById (NugetForUnity.NugetPackageIdentifier)
NugetForUnity.NugetPackageSource:GetSpecificPackage (NugetForUnity.NugetPackageIdentifier)
NugetForUnity.NugetHelper:GetOnlinePackage (NugetForUnity.NugetPackageIdentifier)
NugetForUnity.NugetHelper:GetSpecificPackage (NugetForUnity.NugetPackageIdentifier)
NugetForUnity.NugetHelper:InstallIdentifier (NugetForUnity.NugetPackageIdentifier,bool)
NugetForUnity.NugetHelper:Install (NugetForUnity.NugetPackage,bool)
NugetForUnity.NugetHelper:InstallIdentifier (NugetForUnity.NugetPackageIdentifier,bool)
NugetForUnity.NugetHelper:Install (NugetForUnity.NugetPackage,bool)
NugetForUnity.NugetHelper:InstallIdentifier (NugetForUnity.NugetPackageIdentifier,bool)
NugetForUnity.NugetHelper:Restore ()
NugetForUnity.NugetHelper:.cctor ()
System.Runtime.CompilerServices.RuntimeHelpers:RunClassConstructor (System.RuntimeTypeHandle)
UnityEditor.EditorAssemblies:ProcessInitializeOnLoadAttributes (System.Type[])

Could not find System.Numerics.Vectors [4.4.0, ) or greater.
UnityEngine.StackTraceUtility:ExtractStackTrace ()
UnityEngine.DebugLogHandler:LogFormat (UnityEngine.LogType,UnityEngine.Object,string,object[])
UnityEngine.Logger:LogFormat (UnityEngine.LogType,string,object[])
UnityEngine.Debug:LogErrorFormat (string,object[])
NugetForUnity.NugetHelper:InstallIdentifier (NugetForUnity.NugetPackageIdentifier,bool)
NugetForUnity.NugetHelper:Install (NugetForUnity.NugetPackage,bool)
NugetForUnity.NugetHelper:InstallIdentifier (NugetForUnity.NugetPackageIdentifier,bool)
NugetForUnity.NugetHelper:Install (NugetForUnity.NugetPackage,bool)
NugetForUnity.NugetHelper:InstallIdentifier (NugetForUnity.NugetPackageIdentifier,bool)
NugetForUnity.NugetHelper:Restore ()
NugetForUnity.NugetHelper:.cctor ()
System.Runtime.CompilerServices.RuntimeHelpers:RunClassConstructor (System.RuntimeTypeHandle)
UnityEditor.EditorAssemblies:ProcessInitializeOnLoadAttributes (System.Type[])

Unable to install package System.Memory 4.5.4
System.Exception: Failed to install dependency: System.Numerics.Vectors [4.4.0, ).
  at NugetForUnity.NugetHelper.Install (NugetForUnity.NugetPackage package, System.Boolean refreshAssets) [0x001a1] in <ebb7710be32040ba9a0cb144ce2a8967>:0 
UnityEngine.StackTraceUtility:ExtractStackTrace ()
UnityEngine.DebugLogHandler:LogFormat (UnityEngine.LogType,UnityEngine.Object,string,object[])
UnityEngine.Logger:LogFormat (UnityEngine.LogType,string,object[])
UnityEngine.Debug:LogErrorFormat (string,object[])
NugetForUnity.NugetHelper:Install (NugetForUnity.NugetPackage,bool)
NugetForUnity.NugetHelper:InstallIdentifier (NugetForUnity.NugetPackageIdentifier,bool)
NugetForUnity.NugetHelper:Install (NugetForUnity.NugetPackage,bool)
NugetForUnity.NugetHelper:InstallIdentifier (NugetForUnity.NugetPackageIdentifier,bool)
NugetForUnity.NugetHelper:Restore ()
NugetForUnity.NugetHelper:.cctor ()
System.Runtime.CompilerServices.RuntimeHelpers:RunClassConstructor (System.RuntimeTypeHandle)
UnityEditor.EditorAssemblies:ProcessInitializeOnLoadAttributes (System.Type[])

Unable to install package System.Text.Encodings.Web 5.0.0
System.Exception: Failed to install dependency: System.Memory 4.5.4.
  at NugetForUnity.NugetHelper.Install (NugetForUnity.NugetPackage package, System.Boolean refreshAssets) [0x001a1] in <ebb7710be32040ba9a0cb144ce2a8967>:0 
UnityEngine.StackTraceUtility:ExtractStackTrace ()
UnityEngine.DebugLogHandler:LogFormat (UnityEngine.LogType,UnityEngine.Object,string,object[])
UnityEngine.Logger:LogFormat (UnityEngine.LogType,string,object[])
UnityEngine.Debug:LogErrorFormat (string,object[])
NugetForUnity.NugetHelper:Install (NugetForUnity.NugetPackage,bool)
NugetForUnity.NugetHelper:InstallIdentifier (NugetForUnity.NugetPackageIdentifier,bool)
NugetForUnity.NugetHelper:Restore ()
NugetForUnity.NugetHelper:.cctor ()
System.Runtime.CompilerServices.RuntimeHelpers:RunClassConstructor (System.RuntimeTypeHandle)
UnityEditor.EditorAssemblies:ProcessInitializeOnLoadAttributes (System.Type[])

DisplayProgressbar: Installing System.Text.Encodings.Web 5.0.0
DisplayProgressbar: Restoring NuGet Packages
DisplayProgressbar: Installing System.Text.Json 5.0.1
DisplayProgressbar: Installing System.Memory 4.5.4
Unable to retrieve package list from http://www.nuget.org/api/v2/FindPackagesById()?id='System.Numerics.Vectors'&$orderby=Version asc
System.Net.WebException: The remote server returned an error: (400) Bad Request.
  at System.Net.HttpWebRequest+<GetResponseFromData>d__240.MoveNext () [0x00152] in <aa976c2104104b7ca9e1785715722c9d>:0 
--- End of stack trace from previous location where exception was thrown ---
  at System.Net.HttpWebRequest.GetResponse () [0x00013] in <aa976c2104104b7ca9e1785715722c9d>:0 
  at NugetForUnity.NugetHelper.RequestUrl (System.String url, System.String userName, System.String password, System.Nullable`1[T] timeOut) [0x000b9] in <ebb7710be32040ba9a0cb144ce2a8967>:0 
  at NugetForUnity.NugetPackageSource.GetPackagesFromUrl (System.String url, System.String username, System.String password) [0x0006c] in <ebb7710be32040ba9a0cb144ce2a8967>:0 
  at NugetForUnity.NugetPackageSource.FindPackagesById (NugetForUnity.NugetPackageIdentifier package) [0x000ee] in <ebb7710be32040ba9a0cb144ce2a8967>:0 
UnityEngine.StackTraceUtility:ExtractStackTrace ()
UnityEngine.DebugLogHandler:LogFormat (UnityEngine.LogType,UnityEngine.Object,string,object[])
UnityEngine.Logger:LogFormat (UnityEngine.LogType,string,object[])
UnityEngine.Debug:LogErrorFormat (string,object[])
NugetForUnity.NugetPackageSource:FindPackagesById (NugetForUnity.NugetPackageIdentifier)
NugetForUnity.NugetPackageSource:GetSpecificPackage (NugetForUnity.NugetPackageIdentifier)
NugetForUnity.NugetHelper:GetOnlinePackage (NugetForUnity.NugetPackageIdentifier)
NugetForUnity.NugetHelper:GetSpecificPackage (NugetForUnity.NugetPackageIdentifier)
NugetForUnity.NugetHelper:InstallIdentifier (NugetForUnity.NugetPackageIdentifier,bool)
NugetForUnity.NugetHelper:Install (NugetForUnity.NugetPackage,bool)
NugetForUnity.NugetHelper:InstallIdentifier (NugetForUnity.NugetPackageIdentifier,bool)
NugetForUnity.NugetHelper:Install (NugetForUnity.NugetPackage,bool)
NugetForUnity.NugetHelper:InstallIdentifier (NugetForUnity.NugetPackageIdentifier,bool)
NugetForUnity.NugetHelper:Restore ()
NugetForUnity.NugetHelper:.cctor ()
System.Runtime.CompilerServices.RuntimeHelpers:RunClassConstructor (System.RuntimeTypeHandle)
UnityEditor.EditorAssemblies:ProcessInitializeOnLoadAttributes (System.Type[])

Could not find System.Numerics.Vectors [4.4.0, ) or greater.
UnityEngine.StackTraceUtility:ExtractStackTrace ()
UnityEngine.DebugLogHandler:LogFormat (UnityEngine.LogType,UnityEngine.Object,string,object[])
UnityEngine.Logger:LogFormat (UnityEngine.LogType,string,object[])
UnityEngine.Debug:LogErrorFormat (string,object[])
NugetForUnity.NugetHelper:InstallIdentifier (NugetForUnity.NugetPackageIdentifier,bool)
NugetForUnity.NugetHelper:Install (NugetForUnity.NugetPackage,bool)
NugetForUnity.NugetHelper:InstallIdentifier (NugetForUnity.NugetPackageIdentifier,bool)
NugetForUnity.NugetHelper:Install (NugetForUnity.NugetPackage,bool)
NugetForUnity.NugetHelper:InstallIdentifier (NugetForUnity.NugetPackageIdentifier,bool)
NugetForUnity.NugetHelper:Restore ()
NugetForUnity.NugetHelper:.cctor ()
System.Runtime.CompilerServices.RuntimeHelpers:RunClassConstructor (System.RuntimeTypeHandle)
UnityEditor.EditorAssemblies:ProcessInitializeOnLoadAttributes (System.Type[])

Unable to install package System.Memory 4.5.4
System.Exception: Failed to install dependency: System.Numerics.Vectors [4.4.0, ).
  at NugetForUnity.NugetHelper.Install (NugetForUnity.NugetPackage package, System.Boolean refreshAssets) [0x001a1] in <ebb7710be32040ba9a0cb144ce2a8967>:0 
UnityEngine.StackTraceUtility:ExtractStackTrace ()
UnityEngine.DebugLogHandler:LogFormat (UnityEngine.LogType,UnityEngine.Object,string,object[])
UnityEngine.Logger:LogFormat (UnityEngine.LogType,string,object[])
UnityEngine.Debug:LogErrorFormat (string,object[])
NugetForUnity.NugetHelper:Install (NugetForUnity.NugetPackage,bool)
NugetForUnity.NugetHelper:InstallIdentifier (NugetForUnity.NugetPackageIdentifier,bool)
NugetForUnity.NugetHelper:Install (NugetForUnity.NugetPackage,bool)
NugetForUnity.NugetHelper:InstallIdentifier (NugetForUnity.NugetPackageIdentifier,bool)
NugetForUnity.NugetHelper:Restore ()
NugetForUnity.NugetHelper:.cctor ()
System.Runtime.CompilerServices.RuntimeHelpers:RunClassConstructor (System.RuntimeTypeHandle)
UnityEditor.EditorAssemblies:ProcessInitializeOnLoadAttributes (System.Type[])

Unable to install package System.Text.Json 5.0.1
System.Exception: Failed to install dependency: System.Memory 4.5.4.
  at NugetForUnity.NugetHelper.Install (NugetForUnity.NugetPackage package, System.Boolean refreshAssets) [0x001a1] in <ebb7710be32040ba9a0cb144ce2a8967>:0 
UnityEngine.StackTraceUtility:ExtractStackTrace ()
UnityEngine.DebugLogHandler:LogFormat (UnityEngine.LogType,UnityEngine.Object,string,object[])
UnityEngine.Logger:LogFormat (UnityEngine.LogType,string,object[])
UnityEngine.Debug:LogErrorFormat (string,object[])
NugetForUnity.NugetHelper:Install (NugetForUnity.NugetPackage,bool)
NugetForUnity.NugetHelper:InstallIdentifier (NugetForUnity.NugetPackageIdentifier,bool)
NugetForUnity.NugetHelper:Restore ()
NugetForUnity.NugetHelper:.cctor ()
System.Runtime.CompilerServices.RuntimeHelpers:RunClassConstructor (System.RuntimeTypeHandle)
UnityEditor.EditorAssemblies:ProcessInitializeOnLoadAttributes (System.Type[])

DisplayProgressbar: Installing System.Text.Json 5.0.1
DisplayProgressbar: Restoring NuGet Packages
Invoked RoslynAnalysisRunner static constructor.
RoslynAnalysisRunner will not be running.
RoslynAnalysisRunner has terminated.
Mono: successfully reloaded assembly
- Completed reload, in 13.073 seconds
Platform modules already initialized, skipping
Refreshing native plugins compatible for Editor in 1.28 ms, found 1 plugins.
Preloading 0 native plugins for Editor in 0.00 ms.
Unloading 1960 Unused Serialized files (Serialized files now loaded: 0)
System memory in use before: 122.9 MB.
System memory in use after: 122.9 MB.

Unloading 20 unused Assets to reduce memory usage. Loaded Objects now: 2441.
Total: 5.229900 ms (FindLiveObjects: 0.273500 ms CreateObjectMapping: 0.246100 ms MarkObjects: 4.534000 ms  DeleteObjects: 0.174200 ms)

========================================================================
Received Prepare
Registering precompiled user dll's ...
Registered in 0.013063 seconds.
Begin MonoManager ReloadAssembly
Error: Could not load signature of System.Text.Json.JsonEncodedText:Encode due to: Could not load file or assembly 'System.Text.Encodings.Web, Version=5.0.0.0, Culture=neutral, PublicKeyToken=cc7b13ffcd2ddd51' or one of its dependencies. assembly:System.Text.Encodings.Web, Version=5.0.0.0, Culture=neutral, PublicKeyToken=cc7b13ffcd2ddd51 type:<unknown type> member:(null) signature:<none>

Unloading broken assembly Assets/Plugins/System.Text.Json.dll, this assembly can cause crashes in the runtime

Native extension for WindowsStandalone target not found
Refreshing native plugins compatible for Editor in 1.06 ms, found 1 plugins.
Preloading 0 native plugins for Editor in 0.00 ms.
DisplayProgressbar: Installing System.Memory 4.5.4
Unable to retrieve package list from http://www.nuget.org/api/v2/FindPackagesById()?id='System.Numerics.Vectors'&$orderby=Version asc
System.Net.WebException: The remote server returned an error: (400) Bad Request.
  at System.Net.HttpWebRequest+<GetResponseFromData>d__240.MoveNext () [0x00152] in <aa976c2104104b7ca9e1785715722c9d>:0 
--- End of stack trace from previous location where exception was thrown ---
  at System.Net.HttpWebRequest.GetResponse () [0x00013] in <aa976c2104104b7ca9e1785715722c9d>:0 
  at NugetForUnity.NugetHelper.RequestUrl (System.String url, System.String userName, System.String password, System.Nullable`1[T] timeOut) [0x000b9] in <ebb7710be32040ba9a0cb144ce2a8967>:0 
  at NugetForUnity.NugetPackageSource.GetPackagesFromUrl (System.String url, System.String username, System.String password) [0x0006c] in <ebb7710be32040ba9a0cb144ce2a8967>:0 
  at NugetForUnity.NugetPackageSource.FindPackagesById (NugetForUnity.NugetPackageIdentifier package) [0x000ee] in <ebb7710be32040ba9a0cb144ce2a8967>:0 
UnityEngine.StackTraceUtility:ExtractStackTrace ()
UnityEngine.DebugLogHandler:LogFormat (UnityEngine.LogType,UnityEngine.Object,string,object[])
UnityEngine.Logger:LogFormat (UnityEngine.LogType,string,object[])
UnityEngine.Debug:LogErrorFormat (string,object[])
NugetForUnity.NugetPackageSource:FindPackagesById (NugetForUnity.NugetPackageIdentifier)
NugetForUnity.NugetPackageSource:GetSpecificPackage (NugetForUnity.NugetPackageIdentifier)
NugetForUnity.NugetHelper:GetOnlinePackage (NugetForUnity.NugetPackageIdentifier)
NugetForUnity.NugetHelper:GetSpecificPackage (NugetForUnity.NugetPackageIdentifier)
NugetForUnity.NugetHelper:InstallIdentifier (NugetForUnity.NugetPackageIdentifier,bool)
NugetForUnity.NugetHelper:Install (NugetForUnity.NugetPackage,bool)
NugetForUnity.NugetHelper:InstallIdentifier (NugetForUnity.NugetPackageIdentifier,bool)
NugetForUnity.NugetHelper:Restore ()
NugetForUnity.NugetHelper:.cctor ()
System.Runtime.CompilerServices.RuntimeHelpers:RunClassConstructor (System.RuntimeTypeHandle)
UnityEditor.EditorAssemblies:ProcessInitializeOnLoadAttributes (System.Type[])

Could not find System.Numerics.Vectors [4.4.0, ) or greater.
UnityEngine.StackTraceUtility:ExtractStackTrace ()
UnityEngine.DebugLogHandler:LogFormat (UnityEngine.LogType,UnityEngine.Object,string,object[])
UnityEngine.Logger:LogFormat (UnityEngine.LogType,string,object[])
UnityEngine.Debug:LogErrorFormat (string,object[])
NugetForUnity.NugetHelper:InstallIdentifier (NugetForUnity.NugetPackageIdentifier,bool)
NugetForUnity.NugetHelper:Install (NugetForUnity.NugetPackage,bool)
NugetForUnity.NugetHelper:InstallIdentifier (NugetForUnity.NugetPackageIdentifier,bool)
NugetForUnity.NugetHelper:Restore ()
NugetForUnity.NugetHelper:.cctor ()
System.Runtime.CompilerServices.RuntimeHelpers:RunClassConstructor (System.RuntimeTypeHandle)
UnityEditor.EditorAssemblies:ProcessInitializeOnLoadAttributes (System.Type[])

Unable to install package System.Memory 4.5.4
System.Exception: Failed to install dependency: System.Numerics.Vectors [4.4.0, ).
  at NugetForUnity.NugetHelper.Install (NugetForUnity.NugetPackage package, System.Boolean refreshAssets) [0x001a1] in <ebb7710be32040ba9a0cb144ce2a8967>:0 
UnityEngine.StackTraceUtility:ExtractStackTrace ()
UnityEngine.DebugLogHandler:LogFormat (UnityEngine.LogType,UnityEngine.Object,string,object[])
UnityEngine.Logger:LogFormat (UnityEngine.LogType,string,object[])
UnityEngine.Debug:LogErrorFormat (string,object[])
NugetForUnity.NugetHelper:Install (NugetForUnity.NugetPackage,bool)
NugetForUnity.NugetHelper:InstallIdentifier (NugetForUnity.NugetPackageIdentifier,bool)
NugetForUnity.NugetHelper:Restore ()
NugetForUnity.NugetHelper:.cctor ()
System.Runtime.CompilerServices.RuntimeHelpers:RunClassConstructor (System.RuntimeTypeHandle)
UnityEditor.EditorAssemblies:ProcessInitializeOnLoadAttributes (System.Type[])

DisplayProgressbar: Restoring NuGet Packages
DisplayProgressbar: Installing System.Text.Encodings.Web 5.0.0
DisplayProgressbar: Installing System.Memory 4.5.4
Unable to retrieve package list from http://www.nuget.org/api/v2/FindPackagesById()?id='System.Numerics.Vectors'&$orderby=Version asc
System.Net.WebException: The remote server returned an error: (400) Bad Request.
  at System.Net.HttpWebRequest+<GetResponseFromData>d__240.MoveNext () [0x00152] in <aa976c2104104b7ca9e1785715722c9d>:0 
--- End of stack trace from previous location where exception was thrown ---
  at System.Net.HttpWebRequest.GetResponse () [0x00013] in <aa976c2104104b7ca9e1785715722c9d>:0 
  at NugetForUnity.NugetHelper.RequestUrl (System.String url, System.String userName, System.String password, System.Nullable`1[T] timeOut) [0x000b9] in <ebb7710be32040ba9a0cb144ce2a8967>:0 
  at NugetForUnity.NugetPackageSource.GetPackagesFromUrl (System.String url, System.String username, System.String password) [0x0006c] in <ebb7710be32040ba9a0cb144ce2a8967>:0 
  at NugetForUnity.NugetPackageSource.FindPackagesById (NugetForUnity.NugetPackageIdentifier package) [0x000ee] in <ebb7710be32040ba9a0cb144ce2a8967>:0 
UnityEngine.StackTraceUtility:ExtractStackTrace ()
UnityEngine.DebugLogHandler:LogFormat (UnityEngine.LogType,UnityEngine.Object,string,object[])
UnityEngine.Logger:LogFormat (UnityEngine.LogType,string,object[])
UnityEngine.Debug:LogErrorFormat (string,object[])
NugetForUnity.NugetPackageSource:FindPackagesById (NugetForUnity.NugetPackageIdentifier)
NugetForUnity.NugetPackageSource:GetSpecificPackage (NugetForUnity.NugetPackageIdentifier)
NugetForUnity.NugetHelper:GetOnlinePackage (NugetForUnity.NugetPackageIdentifier)
NugetForUnity.NugetHelper:GetSpecificPackage (NugetForUnity.NugetPackageIdentifier)
NugetForUnity.NugetHelper:InstallIdentifier (NugetForUnity.NugetPackageIdentifier,bool)
NugetForUnity.NugetHelper:Install (NugetForUnity.NugetPackage,bool)
NugetForUnity.NugetHelper:InstallIdentifier (NugetForUnity.NugetPackageIdentifier,bool)
NugetForUnity.NugetHelper:Install (NugetForUnity.NugetPackage,bool)
NugetForUnity.NugetHelper:InstallIdentifier (NugetForUnity.NugetPackageIdentifier,bool)
NugetForUnity.NugetHelper:Restore ()
NugetForUnity.NugetHelper:.cctor ()
System.Runtime.CompilerServices.RuntimeHelpers:RunClassConstructor (System.RuntimeTypeHandle)
UnityEditor.EditorAssemblies:ProcessInitializeOnLoadAttributes (System.Type[])

Could not find System.Numerics.Vectors [4.4.0, ) or greater.
UnityEngine.StackTraceUtility:ExtractStackTrace ()
UnityEngine.DebugLogHandler:LogFormat (UnityEngine.LogType,UnityEngine.Object,string,object[])
UnityEngine.Logger:LogFormat (UnityEngine.LogType,string,object[])
UnityEngine.Debug:LogErrorFormat (string,object[])
NugetForUnity.NugetHelper:InstallIdentifier (NugetForUnity.NugetPackageIdentifier,bool)
NugetForUnity.NugetHelper:Install (NugetForUnity.NugetPackage,bool)
NugetForUnity.NugetHelper:InstallIdentifier (NugetForUnity.NugetPackageIdentifier,bool)
NugetForUnity.NugetHelper:Install (NugetForUnity.NugetPackage,bool)
NugetForUnity.NugetHelper:InstallIdentifier (NugetForUnity.NugetPackageIdentifier,bool)
NugetForUnity.NugetHelper:Restore ()
NugetForUnity.NugetHelper:.cctor ()
System.Runtime.CompilerServices.RuntimeHelpers:RunClassConstructor (System.RuntimeTypeHandle)
UnityEditor.EditorAssemblies:ProcessInitializeOnLoadAttributes (System.Type[])

Unable to install package System.Memory 4.5.4
System.Exception: Failed to install dependency: System.Numerics.Vectors [4.4.0, ).
  at NugetForUnity.NugetHelper.Install (NugetForUnity.NugetPackage package, System.Boolean refreshAssets) [0x001a1] in <ebb7710be32040ba9a0cb144ce2a8967>:0 
UnityEngine.StackTraceUtility:ExtractStackTrace ()
UnityEngine.DebugLogHandler:LogFormat (UnityEngine.LogType,UnityEngine.Object,string,object[])
UnityEngine.Logger:LogFormat (UnityEngine.LogType,string,object[])
UnityEngine.Debug:LogErrorFormat (string,object[])
NugetForUnity.NugetHelper:Install (NugetForUnity.NugetPackage,bool)
NugetForUnity.NugetHelper:InstallIdentifier (NugetForUnity.NugetPackageIdentifier,bool)
NugetForUnity.NugetHelper:Install (NugetForUnity.NugetPackage,bool)
NugetForUnity.NugetHelper:InstallIdentifier (NugetForUnity.NugetPackageIdentifier,bool)
NugetForUnity.NugetHelper:Restore ()
NugetForUnity.NugetHelper:.cctor ()
System.Runtime.CompilerServices.RuntimeHelpers:RunClassConstructor (System.RuntimeTypeHandle)
UnityEditor.EditorAssemblies:ProcessInitializeOnLoadAttributes (System.Type[])

Unable to install package System.Text.Encodings.Web 5.0.0
System.Exception: Failed to install dependency: System.Memory 4.5.4.
  at NugetForUnity.NugetHelper.Install (NugetForUnity.NugetPackage package, System.Boolean refreshAssets) [0x001a1] in <ebb7710be32040ba9a0cb144ce2a8967>:0 
UnityEngine.StackTraceUtility:ExtractStackTrace ()
UnityEngine.DebugLogHandler:LogFormat (UnityEngine.LogType,UnityEngine.Object,string,object[])
UnityEngine.Logger:LogFormat (UnityEngine.LogType,string,object[])
UnityEngine.Debug:LogErrorFormat (string,object[])
NugetForUnity.NugetHelper:Install (NugetForUnity.NugetPackage,bool)
NugetForUnity.NugetHelper:InstallIdentifier (NugetForUnity.NugetPackageIdentifier,bool)
NugetForUnity.NugetHelper:Restore ()
NugetForUnity.NugetHelper:.cctor ()
System.Runtime.CompilerServices.RuntimeHelpers:RunClassConstructor (System.RuntimeTypeHandle)
UnityEditor.EditorAssemblies:ProcessInitializeOnLoadAttributes (System.Type[])

DisplayProgressbar: Installing System.Text.Encodings.Web 5.0.0
DisplayProgressbar: Restoring NuGet Packages
DisplayProgressbar: Installing System.Text.Json 5.0.1
DisplayProgressbar: Installing System.Memory 4.5.4
Unable to retrieve package list from http://www.nuget.org/api/v2/FindPackagesById()?id='System.Numerics.Vectors'&$orderby=Version asc
System.Net.WebException: The remote server returned an error: (400) Bad Request.
  at System.Net.HttpWebRequest+<GetResponseFromData>d__240.MoveNext () [0x00152] in <aa976c2104104b7ca9e1785715722c9d>:0 
--- End of stack trace from previous location where exception was thrown ---
  at System.Net.HttpWebRequest.GetResponse () [0x00013] in <aa976c2104104b7ca9e1785715722c9d>:0 
  at NugetForUnity.NugetHelper.RequestUrl (System.String url, System.String userName, System.String password, System.Nullable`1[T] timeOut) [0x000b9] in <ebb7710be32040ba9a0cb144ce2a8967>:0 
  at NugetForUnity.NugetPackageSource.GetPackagesFromUrl (System.String url, System.String username, System.String password) [0x0006c] in <ebb7710be32040ba9a0cb144ce2a8967>:0 
  at NugetForUnity.NugetPackageSource.FindPackagesById (NugetForUnity.NugetPackageIdentifier package) [0x000ee] in <ebb7710be32040ba9a0cb144ce2a8967>:0 
UnityEngine.StackTraceUtility:ExtractStackTrace ()
UnityEngine.DebugLogHandler:LogFormat (UnityEngine.LogType,UnityEngine.Object,string,object[])
UnityEngine.Logger:LogFormat (UnityEngine.LogType,string,object[])
UnityEngine.Debug:LogErrorFormat (string,object[])
NugetForUnity.NugetPackageSource:FindPackagesById (NugetForUnity.NugetPackageIdentifier)
NugetForUnity.NugetPackageSource:GetSpecificPackage (NugetForUnity.NugetPackageIdentifier)
NugetForUnity.NugetHelper:GetOnlinePackage (NugetForUnity.NugetPackageIdentifier)
NugetForUnity.NugetHelper:GetSpecificPackage (NugetForUnity.NugetPackageIdentifier)
NugetForUnity.NugetHelper:InstallIdentifier (NugetForUnity.NugetPackageIdentifier,bool)
NugetForUnity.NugetHelper:Install (NugetForUnity.NugetPackage,bool)
NugetForUnity.NugetHelper:InstallIdentifier (NugetForUnity.NugetPackageIdentifier,bool)
NugetForUnity.NugetHelper:Install (NugetForUnity.NugetPackage,bool)
NugetForUnity.NugetHelper:InstallIdentifier (NugetForUnity.NugetPackageIdentifier,bool)
NugetForUnity.NugetHelper:Restore ()
NugetForUnity.NugetHelper:.cctor ()
System.Runtime.CompilerServices.RuntimeHelpers:RunClassConstructor (System.RuntimeTypeHandle)
UnityEditor.EditorAssemblies:ProcessInitializeOnLoadAttributes (System.Type[])

Could not find System.Numerics.Vectors [4.4.0, ) or greater.
UnityEngine.StackTraceUtility:ExtractStackTrace ()
UnityEngine.DebugLogHandler:LogFormat (UnityEngine.LogType,UnityEngine.Object,string,object[])
UnityEngine.Logger:LogFormat (UnityEngine.LogType,string,object[])
UnityEngine.Debug:LogErrorFormat (string,object[])
NugetForUnity.NugetHelper:InstallIdentifier (NugetForUnity.NugetPackageIdentifier,bool)
NugetForUnity.NugetHelper:Install (NugetForUnity.NugetPackage,bool)
NugetForUnity.NugetHelper:InstallIdentifier (NugetForUnity.NugetPackageIdentifier,bool)
NugetForUnity.NugetHelper:Install (NugetForUnity.NugetPackage,bool)
NugetForUnity.NugetHelper:InstallIdentifier (NugetForUnity.NugetPackageIdentifier,bool)
NugetForUnity.NugetHelper:Restore ()
NugetForUnity.NugetHelper:.cctor ()
System.Runtime.CompilerServices.RuntimeHelpers:RunClassConstructor (System.RuntimeTypeHandle)
UnityEditor.EditorAssemblies:ProcessInitializeOnLoadAttributes (System.Type[])

Unable to install package System.Memory 4.5.4
System.Exception: Failed to install dependency: System.Numerics.Vectors [4.4.0, ).
  at NugetForUnity.NugetHelper.Install (NugetForUnity.NugetPackage package, System.Boolean refreshAssets) [0x001a1] in <ebb7710be32040ba9a0cb144ce2a8967>:0 
UnityEngine.StackTraceUtility:ExtractStackTrace ()
UnityEngine.DebugLogHandler:LogFormat (UnityEngine.LogType,UnityEngine.Object,string,object[])
UnityEngine.Logger:LogFormat (UnityEngine.LogType,string,object[])
UnityEngine.Debug:LogErrorFormat (string,object[])
NugetForUnity.NugetHelper:Install (NugetForUnity.NugetPackage,bool)
NugetForUnity.NugetHelper:InstallIdentifier (NugetForUnity.NugetPackageIdentifier,bool)
NugetForUnity.NugetHelper:Install (NugetForUnity.NugetPackage,bool)
NugetForUnity.NugetHelper:InstallIdentifier (NugetForUnity.NugetPackageIdentifier,bool)
NugetForUnity.NugetHelper:Restore ()
NugetForUnity.NugetHelper:.cctor ()
System.Runtime.CompilerServices.RuntimeHelpers:RunClassConstructor (System.RuntimeTypeHandle)
UnityEditor.EditorAssemblies:ProcessInitializeOnLoadAttributes (System.Type[])

Unable to install package System.Text.Json 5.0.1
System.Exception: Failed to install dependency: System.Memory 4.5.4.
  at NugetForUnity.NugetHelper.Install (NugetForUnity.NugetPackage package, System.Boolean refreshAssets) [0x001a1] in <ebb7710be32040ba9a0cb144ce2a8967>:0 
UnityEngine.StackTraceUtility:ExtractStackTrace ()
UnityEngine.DebugLogHandler:LogFormat (UnityEngine.LogType,UnityEngine.Object,string,object[])
UnityEngine.Logger:LogFormat (UnityEngine.LogType,string,object[])
UnityEngine.Debug:LogErrorFormat (string,object[])
NugetForUnity.NugetHelper:Install (NugetForUnity.NugetPackage,bool)
NugetForUnity.NugetHelper:InstallIdentifier (NugetForUnity.NugetPackageIdentifier,bool)
NugetForUnity.NugetHelper:Restore ()
NugetForUnity.NugetHelper:.cctor ()
System.Runtime.CompilerServices.RuntimeHelpers:RunClassConstructor (System.RuntimeTypeHandle)
UnityEditor.EditorAssemblies:ProcessInitializeOnLoadAttributes (System.Type[])

DisplayProgressbar: Installing System.Text.Json 5.0.1
DisplayProgressbar: Restoring NuGet Packages
Invoked RoslynAnalysisRunner static constructor.
RoslynAnalysisRunner will not be running.
RoslynAnalysisRunner has terminated.
Mono: successfully reloaded assembly
- Completed reload, in 11.881 seconds
Platform modules already initialized, skipping
Refreshing native plugins compatible for Editor in 1.48 ms, found 1 plugins.
Preloading 0 native plugins for Editor in 0.00 ms.
Unloading 1960 Unused Serialized files (Serialized files now loaded: 0)
System memory in use before: 137.8 MB.
System memory in use after: 137.8 MB.

Unloading 20 unused Assets to reduce memory usage. Loaded Objects now: 2456.
Total: 4.876600 ms (FindLiveObjects: 0.661900 ms CreateObjectMapping: 0.161000 ms MarkObjects: 3.919300 ms  DeleteObjects: 0.132300 ms)

AssetImportWorkerClient::OnTransportError - code=2 error=End of file
