Using pre-set license
Built from '2020.3/staging' branch; Version is '2020.3.0f1 (c7b5465681fb) revision 13088070'; Using compiler version '192528614'; Build Type 'Release'
OS: 'Windows 10 Home; OS build 19041.867; Version 2004; 64bit' Language: 'zh' Physical Memory: 8065 MB
BatchMode: 1, IsHumanControllingUs: 0, StartBugReporterOnCrash: 0, Is64bit: 1, IsPro: 0

 COMMAND LINE ARGUMENTS:
C:\Program Files\Unity\Hub\Editor\2020.3.0f1\Editor\Unity.exe
-adb2
-batchMode
-noUpm
-name
AssetImportWorker11
-projectPath
C:/Users/boris/Desktop/Unity-2D-Game/ServerGame
-logFile
Logs/AssetImportWorker11.log
-srvPort
55102
Successfully changed project path to: C:/Users/boris/Desktop/Unity-2D-Game/ServerGame
C:/Users/boris/Desktop/Unity-2D-Game/ServerGame
Using Asset Import Pipeline V2.
Refreshing native plugins compatible for Editor in 92.06 ms, found 1 plugins.
Preloading 0 native plugins for Editor in 0.00 ms.
Initialize engine version: 2020.3.0f1 (c7b5465681fb)
[Subsystems] Discovering subsystems at path C:/Program Files/Unity/Hub/Editor/2020.3.0f1/Editor/Data/Resources/UnitySubsystems
[Subsystems] Discovering subsystems at path C:/Users/boris/Desktop/Unity-2D-Game/ServerGame/Assets
GfxDevice: creating device client; threaded=0
Direct3D:
    Version:  Direct3D 11.0 [level 11.0]
    Renderer: NVIDIA GeForce 940MX (ID=0x179c)
    Vendor:   
    VRAM:     2010 MB
    Driver:   27.21.14.6172
Initialize mono
Mono path[0] = 'C:/Program Files/Unity/Hub/Editor/2020.3.0f1/Editor/Data/Managed'
Mono path[1] = 'C:/Program Files/Unity/Hub/Editor/2020.3.0f1/Editor/Data/MonoBleedingEdge/lib/mono/unityjit'
Mono config path = 'C:/Program Files/Unity/Hub/Editor/2020.3.0f1/Editor/Data/MonoBleedingEdge/etc'
Using monoOptions --debugger-agent=transport=dt_socket,embedding=1,server=y,suspend=n,address=127.0.0.1:56204
Begin MonoManager ReloadAssembly
Registering precompiled unity dll's ...
Register platform support module: C:/Program Files/Unity/Hub/Editor/2020.3.0f1/Editor/Data/PlaybackEngines/WindowsStandaloneSupport/UnityEditor.WindowsStandalone.Extensions.dll
Registered in 0.003451 seconds.
Native extension for WindowsStandalone target not found
Refreshing native plugins compatible for Editor in 100.12 ms, found 1 plugins.
Preloading 0 native plugins for Editor in 0.00 ms.
Invoked RoslynAnalysisRunner static constructor.
RoslynAnalysisRunner will not be running.
RoslynAnalysisRunner has terminated.
Mono: successfully reloaded assembly
- Completed reload, in  3.744 seconds
Platform modules already initialized, skipping
Registering precompiled user dll's ...
Registered in 0.002306 seconds.
Begin MonoManager ReloadAssembly
Native extension for WindowsStandalone target not found
Refreshing native plugins compatible for Editor in 95.39 ms, found 1 plugins.
Preloading 0 native plugins for Editor in 0.00 ms.
DisplayProgressbar: Restoring NuGet Packages
DisplayProgressbar: Installing Microsoft.Bcl.AsyncInterfaces 5.0.0
DisplayProgressbar: Installing System.Threading.Tasks.Extensions 4.5.4
Unable to retrieve package list from http://www.nuget.org/api/v2/FindPackagesById()?id='System.Runtime.CompilerServices.Unsafe'&$orderby=Version asc
System.Net.WebException: The remote server returned an error: (400) Bad Request.
  at System.Net.HttpWebRequest+<GetResponseFromData>d__240.MoveNext () [0x00152] in <aa976c2104104b7ca9e1785715722c9d>:0 
--- End of stack trace from previous location where exception was thrown ---
  at System.Net.HttpWebRequest.GetResponse () [0x00013] in <aa976c2104104b7ca9e1785715722c9d>:0 
  at NugetForUnity.NugetHelper.RequestUrl (System.String url, System.String userName, System.String password, System.Nullable`1[T] timeOut) [0x000b9] in <ebb7710be32040ba9a0cb144ce2a8967>:0 
  at NugetForUnity.NugetPackageSource.GetPackagesFromUrl (System.String url, System.String username, System.String password) [0x0006c] in <ebb7710be32040ba9a0cb144ce2a8967>:0 
  at NugetForUnity.NugetPackageSource.FindPackagesById (NugetForUnity.NugetPackageIdentifier package) [0x000ee] in <ebb7710be32040ba9a0cb144ce2a8967>:0 
UnityEngine.StackTraceUtility:ExtractStackTrace ()
UnityEngine.DebugLogHandler:LogFormat (UnityEngine.LogType,UnityEngine.Object,string,object[])
UnityEngine.Logger:LogFormat (UnityEngine.LogType,string,object[])
UnityEngine.Debug:LogErrorFormat (string,object[])
NugetForUnity.NugetPackageSource:FindPackagesById (NugetForUnity.NugetPackageIdentifier)
NugetForUnity.NugetPackageSource:GetSpecificPackage (NugetForUnity.NugetPackageIdentifier)
NugetForUnity.NugetHelper:GetOnlinePackage (NugetForUnity.NugetPackageIdentifier)
NugetForUnity.NugetHelper:GetSpecificPackage (NugetForUnity.NugetPackageIdentifier)
NugetForUnity.NugetHelper:InstallIdentifier (NugetForUnity.NugetPackageIdentifier,bool)
NugetForUnity.NugetHelper:Install (NugetForUnity.NugetPackage,bool)
NugetForUnity.NugetHelper:InstallIdentifier (NugetForUnity.NugetPackageIdentifier,bool)
NugetForUnity.NugetHelper:Install (NugetForUnity.NugetPackage,bool)
NugetForUnity.NugetHelper:InstallIdentifier (NugetForUnity.NugetPackageIdentifier,bool)
NugetForUnity.NugetHelper:Restore ()
NugetForUnity.NugetHelper:.cctor ()
System.Runtime.CompilerServices.RuntimeHelpers:RunClassConstructor (System.RuntimeTypeHandle)
UnityEditor.EditorAssemblies:ProcessInitializeOnLoadAttributes (System.Type[])

Could not find System.Runtime.CompilerServices.Unsafe [4.5.3, ) or greater.
UnityEngine.StackTraceUtility:ExtractStackTrace ()
UnityEngine.DebugLogHandler:LogFormat (UnityEngine.LogType,UnityEngine.Object,string,object[])
UnityEngine.Logger:LogFormat (UnityEngine.LogType,string,object[])
UnityEngine.Debug:LogErrorFormat (string,object[])
NugetForUnity.NugetHelper:InstallIdentifier (NugetForUnity.NugetPackageIdentifier,bool)
NugetForUnity.NugetHelper:Install (NugetForUnity.NugetPackage,bool)
NugetForUnity.NugetHelper:InstallIdentifier (NugetForUnity.NugetPackageIdentifier,bool)
NugetForUnity.NugetHelper:Install (NugetForUnity.NugetPackage,bool)
NugetForUnity.NugetHelper:InstallIdentifier (NugetForUnity.NugetPackageIdentifier,bool)
NugetForUnity.NugetHelper:Restore ()
NugetForUnity.NugetHelper:.cctor ()
System.Runtime.CompilerServices.RuntimeHelpers:RunClassConstructor (System.RuntimeTypeHandle)
UnityEditor.EditorAssemblies:ProcessInitializeOnLoadAttributes (System.Type[])

Unable to install package System.Threading.Tasks.Extensions 4.5.4
System.Exception: Failed to install dependency: System.Runtime.CompilerServices.Unsafe [4.5.3, ).
  at NugetForUnity.NugetHelper.Install (NugetForUnity.NugetPackage package, System.Boolean refreshAssets) [0x001a1] in <ebb7710be32040ba9a0cb144ce2a8967>:0 
UnityEngine.StackTraceUtility:ExtractStackTrace ()
UnityEngine.DebugLogHandler:LogFormat (UnityEngine.LogType,UnityEngine.Object,string,object[])
UnityEngine.Logger:LogFormat (UnityEngine.LogType,string,object[])
UnityEngine.Debug:LogErrorFormat (string,object[])
NugetForUnity.NugetHelper:Install (NugetForUnity.NugetPackage,bool)
NugetForUnity.NugetHelper:InstallIdentifier (NugetForUnity.NugetPackageIdentifier,bool)
NugetForUnity.NugetHelper:Install (NugetForUnity.NugetPackage,bool)
NugetForUnity.NugetHelper:InstallIdentifier (NugetForUnity.NugetPackageIdentifier,bool)
NugetForUnity.NugetHelper:Restore ()
NugetForUnity.NugetHelper:.cctor ()
System.Runtime.CompilerServices.RuntimeHelpers:RunClassConstructor (System.RuntimeTypeHandle)
UnityEditor.EditorAssemblies:ProcessInitializeOnLoadAttributes (System.Type[])

Unable to install package Microsoft.Bcl.AsyncInterfaces 5.0.0
System.Exception: Failed to install dependency: System.Threading.Tasks.Extensions 4.5.4.
  at NugetForUnity.NugetHelper.Install (NugetForUnity.NugetPackage package, System.Boolean refreshAssets) [0x001a1] in <ebb7710be32040ba9a0cb144ce2a8967>:0 
UnityEngine.StackTraceUtility:ExtractStackTrace ()
UnityEngine.DebugLogHandler:LogFormat (UnityEngine.LogType,UnityEngine.Object,string,object[])
UnityEngine.Logger:LogFormat (UnityEngine.LogType,string,object[])
UnityEngine.Debug:LogErrorFormat (string,object[])
NugetForUnity.NugetHelper:Install (NugetForUnity.NugetPackage,bool)
NugetForUnity.NugetHelper:InstallIdentifier (NugetForUnity.NugetPackageIdentifier,bool)
NugetForUnity.NugetHelper:Restore ()
NugetForUnity.NugetHelper:.cctor ()
System.Runtime.CompilerServices.RuntimeHelpers:RunClassConstructor (System.RuntimeTypeHandle)
UnityEditor.EditorAssemblies:ProcessInitializeOnLoadAttributes (System.Type[])

DisplayProgressbar: Installing Microsoft.Bcl.AsyncInterfaces 5.0.0
DisplayProgressbar: Restoring NuGet Packages
DisplayProgressbar: Installing System.Buffers 4.5.1
DisplayProgressbar: Restoring NuGet Packages
DisplayProgressbar: Installing System.Memory 4.5.4
Unable to retrieve package list from http://www.nuget.org/api/v2/FindPackagesById()?id='System.Numerics.Vectors'&$orderby=Version asc
System.Net.WebException: The remote server returned an error: (400) Bad Request.
  at System.Net.HttpWebRequest+<GetResponseFromData>d__240.MoveNext () [0x00152] in <aa976c2104104b7ca9e1785715722c9d>:0 
--- End of stack trace from previous location where exception was thrown ---
  at System.Net.HttpWebRequest.GetResponse () [0x00013] in <aa976c2104104b7ca9e1785715722c9d>:0 
  at NugetForUnity.NugetHelper.RequestUrl (System.String url, System.String userName, System.String password, System.Nullable`1[T] timeOut) [0x000b9] in <ebb7710be32040ba9a0cb144ce2a8967>:0 
  at NugetForUnity.NugetPackageSource.GetPackagesFromUrl (System.String url, System.String username, System.String password) [0x0006c] in <ebb7710be32040ba9a0cb144ce2a8967>:0 
  at NugetForUnity.NugetPackageSource.FindPackagesById (NugetForUnity.NugetPackageIdentifier package) [0x000ee] in <ebb7710be32040ba9a0cb144ce2a8967>:0 
UnityEngine.StackTraceUtility:ExtractStackTrace ()
UnityEngine.DebugLogHandler:LogFormat (UnityEngine.LogType,UnityEngine.Object,string,object[])
UnityEngine.Logger:LogFormat (UnityEngine.LogType,string,object[])
UnityEngine.Debug:LogErrorFormat (string,object[])
NugetForUnity.NugetPackageSource:FindPackagesById (NugetForUnity.NugetPackageIdentifier)
NugetForUnity.NugetPackageSource:GetSpecificPackage (NugetForUnity.NugetPackageIdentifier)
NugetForUnity.NugetHelper:GetOnlinePackage (NugetForUnity.NugetPackageIdentifier)
NugetForUnity.NugetHelper:GetSpecificPackage (NugetForUnity.NugetPackageIdentifier)
NugetForUnity.NugetHelper:InstallIdentifier (NugetForUnity.NugetPackageIdentifier,bool)
NugetForUnity.NugetHelper:Install (NugetForUnity.NugetPackage,bool)
NugetForUnity.NugetHelper:InstallIdentifier (NugetForUnity.NugetPackageIdentifier,bool)
NugetForUnity.NugetHelper:Restore ()
NugetForUnity.NugetHelper:.cctor ()
System.Runtime.CompilerServices.RuntimeHelpers:RunClassConstructor (System.RuntimeTypeHandle)
UnityEditor.EditorAssemblies:ProcessInitializeOnLoadAttributes (System.Type[])

Could not find System.Numerics.Vectors [4.4.0, ) or greater.
UnityEngine.StackTraceUtility:ExtractStackTrace ()
UnityEngine.DebugLogHandler:LogFormat (UnityEngine.LogType,UnityEngine.Object,string,object[])
UnityEngine.Logger:LogFormat (UnityEngine.LogType,string,object[])
UnityEngine.Debug:LogErrorFormat (string,object[])
NugetForUnity.NugetHelper:InstallIdentifier (NugetForUnity.NugetPackageIdentifier,bool)
NugetForUnity.NugetHelper:Install (NugetForUnity.NugetPackage,bool)
NugetForUnity.NugetHelper:InstallIdentifier (NugetForUnity.NugetPackageIdentifier,bool)
NugetForUnity.NugetHelper:Restore ()
NugetForUnity.NugetHelper:.cctor ()
System.Runtime.CompilerServices.RuntimeHelpers:RunClassConstructor (System.RuntimeTypeHandle)
UnityEditor.EditorAssemblies:ProcessInitializeOnLoadAttributes (System.Type[])

Unable to install package System.Memory 4.5.4
System.Exception: Failed to install dependency: System.Numerics.Vectors [4.4.0, ).
  at NugetForUnity.NugetHelper.Install (NugetForUnity.NugetPackage package, System.Boolean refreshAssets) [0x001a1] in <ebb7710be32040ba9a0cb144ce2a8967>:0 
UnityEngine.StackTraceUtility:ExtractStackTrace ()
UnityEngine.DebugLogHandler:LogFormat (UnityEngine.LogType,UnityEngine.Object,string,object[])
UnityEngine.Logger:LogFormat (UnityEngine.LogType,string,object[])
UnityEngine.Debug:LogErrorFormat (string,object[])
NugetForUnity.NugetHelper:Install (NugetForUnity.NugetPackage,bool)
NugetForUnity.NugetHelper:InstallIdentifier (NugetForUnity.NugetPackageIdentifier,bool)
NugetForUnity.NugetHelper:Restore ()
NugetForUnity.NugetHelper:.cctor ()
System.Runtime.CompilerServices.RuntimeHelpers:RunClassConstructor (System.RuntimeTypeHandle)
UnityEditor.EditorAssemblies:ProcessInitializeOnLoadAttributes (System.Type[])

DisplayProgressbar: Restoring NuGet Packages
DisplayProgressbar: Installing System.Runtime.CompilerServices.Unsafe 5.0.0
