Using pre-set license
Built from '2020.3/staging' branch; Version is '2020.3.0f1 (c7b5465681fb) revision 13088070'; Using compiler version '192528614'; Build Type 'Release'
OS: 'Windows 10 Home; OS build 19041.867; Version 2004; 64bit' Language: 'zh' Physical Memory: 8065 MB
BatchMode: 1, IsHumanControllingUs: 0, StartBugReporterOnCrash: 0, Is64bit: 1, IsPro: 0

 COMMAND LINE ARGUMENTS:
C:\Program Files\Unity\Hub\Editor\2020.3.0f1\Editor\Unity.exe
-adb2
-batchMode
-noUpm
-name
AssetImportWorker16
-projectPath
C:/Users/boris/Desktop/Unity-2D-Game/ServerGame
-logFile
Logs/AssetImportWorker16.log
-srvPort
57160
Successfully changed project path to: C:/Users/boris/Desktop/Unity-2D-Game/ServerGame
C:/Users/boris/Desktop/Unity-2D-Game/ServerGame
Using Asset Import Pipeline V2.
